
9월 05, 2022 09:35:46.740 NEW SESSION
9월 05, 2022 09:35:46.740 [18200:13064:0905/093546.736:ERROR:device_event_log_impl.cc(214)] [09:35:46.736] USB: usb_device_handle_win.cc:1048 Failed to read descriptor from node connection: 시스템에 부착된 장치가 작동하지 않습니다. (0x1F)
9월 05, 2022 09:36:43.178 [18200:1080:0905/093643.178:ERROR:util.cc(129)] Can't create base directory: C:\Program Files\Google\GoogleUpdater
9월 05, 2022 09:58:29.198 [18200:13064:0905/095829.198:ERROR:CONSOLE(1)] "Request Runtime.evaluate failed. {"code":-32602,"message":"uniqueContextId not found"}", source: devtools://devtools/bundled/devtools-frontend/front_end/core/protocol_client/protocol_client.js (1)
9월 05, 2022 09:58:29.199 [18200:13064:0905/095829.199:ERROR:CONSOLE(1)] "uniqueContextId not found", source: devtools://devtools/bundled/devtools-frontend/front_end/core/sdk/sdk.js (1)
9월 05, 2022 09:58:29.200 [18200:13064:0905/095829.200:ERROR:CONSOLE(1)] "Extension server error: Inspector protocol error: uniqueContextId not found", source: devtools://devtools/bundled/devtools-frontend/front_end/models/extensions/extensions.js (1)
9월 05, 2022 09:58:29.201 [18200:13064:0905/095829.201:ERROR:CONSOLE(1)] "Request Runtime.evaluate failed. {"code":-32602,"message":"uniqueContextId not found"}", source: devtools://devtools/bundled/devtools-frontend/front_end/core/protocol_client/protocol_client.js (1)
9월 05, 2022 09:58:29.202 [18200:13064:0905/095829.201:ERROR:CONSOLE(1)] "uniqueContextId not found", source: devtools://devtools/bundled/devtools-frontend/front_end/core/sdk/sdk.js (1)
9월 05, 2022 09:58:29.202 [18200:13064:0905/095829.202:ERROR:CONSOLE(1)] "Extension server error: Inspector protocol error: uniqueContextId not found", source: devtools://devtools/bundled/devtools-frontend/front_end/models/extensions/extensions.js (1)
9월 05, 2022 09:58:29.203 [18200:13064:0905/095829.203:ERROR:CONSOLE(1)] "Request Runtime.evaluate failed. {"code":-32602,"message":"uniqueContextId not found"}", source: devtools://devtools/bundled/devtools-frontend/front_end/core/protocol_client/protocol_client.js (1)
9월 05, 2022 09:58:29.206 [18200:13064:0905/095829.206:ERROR:CONSOLE(1)] "uniqueContextId not found", source: devtools://devtools/bundled/devtools-frontend/front_end/core/sdk/sdk.js (1)
9월 05, 2022 09:58:29.210 [18200:13064:0905/095829.210:ERROR:CONSOLE(1)] "Extension server error: Inspector protocol error: uniqueContextId not found", source: devtools://devtools/bundled/devtools-frontend/front_end/models/extensions/extensions.js (1)
9월 05, 2022 09:58:29.211 [18200:13064:0905/095829.211:ERROR:CONSOLE(1)] "Request Runtime.evaluate failed. {"code":-32602,"message":"uniqueContextId not found"}", source: devtools://devtools/bundled/devtools-frontend/front_end/core/protocol_client/protocol_client.js (1)
9월 05, 2022 09:58:29.212 [18200:13064:0905/095829.212:ERROR:CONSOLE(1)] "uniqueContextId not found", source: devtools://devtools/bundled/devtools-frontend/front_end/core/sdk/sdk.js (1)
9월 05, 2022 09:58:29.213 [18200:13064:0905/095829.213:ERROR:CONSOLE(1)] "Extension server error: Inspector protocol error: uniqueContextId not found", source: devtools://devtools/bundled/devtools-frontend/front_end/models/extensions/extensions.js (1)
9월 05, 2022 09:58:29.214 [18200:13064:0905/095829.214:ERROR:CONSOLE(1)] "Request Runtime.evaluate failed. {"code":-32602,"message":"uniqueContextId not found"}", source: devtools://devtools/bundled/devtools-frontend/front_end/core/protocol_client/protocol_client.js (1)
9월 05, 2022 09:58:29.215 [18200:13064:0905/095829.214:ERROR:CONSOLE(1)] "uniqueContextId not found", source: devtools://devtools/bundled/devtools-frontend/front_end/core/sdk/sdk.js (1)
9월 05, 2022 09:58:29.215 [18200:13064:0905/095829.214:ERROR:CONSOLE(1)] "Extension server error: Inspector protocol error: uniqueContextId not found", source: devtools://devtools/bundled/devtools-frontend/front_end/models/extensions/extensions.js (1)
9월 05, 2022 09:58:29.218 [18200:13064:0905/095829.218:ERROR:CONSOLE(1)] "Request Runtime.evaluate failed. {"code":-32602,"message":"uniqueContextId not found"}", source: devtools://devtools/bundled/devtools-frontend/front_end/core/protocol_client/protocol_client.js (1)
9월 05, 2022 09:58:29.228 [18200:13064:0905/095829.221:ERROR:CONSOLE(1)] "uniqueContextId not found", source: devtools://devtools/bundled/devtools-frontend/front_end/core/sdk/sdk.js (1)
9월 05, 2022 09:58:29.229 [18200:13064:0905/095829.221:ERROR:CONSOLE(1)] "Extension server error: Inspector protocol error: uniqueContextId not found", source: devtools://devtools/bundled/devtools-frontend/front_end/models/extensions/extensions.js (1)
9월 05, 2022 09:58:29.230 [18200:13064:0905/095829.221:ERROR:CONSOLE(1)] "Request Runtime.evaluate failed. {"code":-32602,"message":"uniqueContextId not found"}", source: devtools://devtools/bundled/devtools-frontend/front_end/core/protocol_client/protocol_client.js (1)
9월 05, 2022 09:58:29.230 [18200:13064:0905/095829.221:ERROR:CONSOLE(1)] "uniqueContextId not found", source: devtools://devtools/bundled/devtools-frontend/front_end/core/sdk/sdk.js (1)
9월 05, 2022 09:58:29.231 [18200:13064:0905/095829.221:ERROR:CONSOLE(1)] "Extension server error: Inspector protocol error: uniqueContextId not found", source: devtools://devtools/bundled/devtools-frontend/front_end/models/extensions/extensions.js (1)
9월 05, 2022 10:03:41.729 [18200:13064:0905/100341.729:ERROR:CONSOLE(1)] "Request Runtime.evaluate failed. {"code":-32602,"message":"uniqueContextId not found"}", source: devtools://devtools/bundled/devtools-frontend/front_end/core/protocol_client/protocol_client.js (1)
9월 05, 2022 10:03:41.730 [18200:13064:0905/100341.729:ERROR:CONSOLE(1)] "uniqueContextId not found", source: devtools://devtools/bundled/devtools-frontend/front_end/core/sdk/sdk.js (1)
9월 05, 2022 10:03:41.731 [18200:13064:0905/100341.729:ERROR:CONSOLE(1)] "Extension server error: Inspector protocol error: uniqueContextId not found", source: devtools://devtools/bundled/devtools-frontend/front_end/models/extensions/extensions.js (1)
9월 05, 2022 10:03:51.915 [18200:13064:0905/100351.914:ERROR:CONSOLE(1)] "Request Runtime.evaluate failed. {"code":-32602,"message":"uniqueContextId not found"}", source: devtools://devtools/bundled/devtools-frontend/front_end/core/protocol_client/protocol_client.js (1)
9월 05, 2022 10:03:51.918 [18200:13064:0905/100351.917:ERROR:CONSOLE(1)] "uniqueContextId not found", source: devtools://devtools/bundled/devtools-frontend/front_end/core/sdk/sdk.js (1)
9월 05, 2022 10:03:51.919 [18200:13064:0905/100351.918:ERROR:CONSOLE(1)] "Extension server error: Inspector protocol error: uniqueContextId not found", source: devtools://devtools/bundled/devtools-frontend/front_end/models/extensions/extensions.js (1)
9월 05, 2022 11:07:13.113 [18200:18180:0905/110713.112:ERROR:connection_factory_impl.cc(425)] Failed to connect to MCS endpoint with error -106
9월 05, 2022 13:29:31.390 [18200:18180:0905/132931.389:ERROR:connection_factory_impl.cc(425)] Failed to connect to MCS endpoint with error -105
9월 05, 2022 14:36:43.172 [18200:11248:0905/143643.171:ERROR:util.cc(129)] Can't create base directory: C:\Program Files\Google\GoogleUpdater
